This is XeTeX, Version 3.1415926-2.5-0.9999.3 (TeX Live 2013) (format=xelatex 2014.1.10)  10 FEB 2014 20:16
entering extended mode
 restricted \write18 enabled.
 %&-line parsing enabled.
**doc.tex
(./doc.tex
LaTeX2e <2011/06/27>
Babel <3.9f> and hyphenation patterns for 78 languages loaded.
(/usr/local/texlive/2013/texmf-dist/tex/latex/paper/paper.cls
Document Class: paper 2008/05/30 1.0l LaTeX document class (wm).
\hours=\count80
\minutes=\count81
(/usr/local/texlive/2013/texmf-dist/tex/latex/base/size10.clo
File: size10.clo 2007/10/19 v1.4h Standard LaTeX file (size option)
)
\beforetitlespace=\skip41
\c@part=\count82
\c@section=\count83
\c@subsection=\count84
\c@subsubsection=\count85
\c@paragraph=\count86
\c@subparagraph=\count87
\exampleindent=\skip42
\c@figure=\count88
\c@table=\count89
\abovecaptionskip=\skip43
\belowcaptionskip=\skip44
\bibindent=\dimen102
)
(/usr/local/texlive/2013/texmf-dist/tex/latex/fontspec/fontspec.sty
Package: fontspec 2013/05/20 v2.3c Font selection for XeLaTeX and LuaLaTeX

(/usr/local/texlive/2013/texmf-dist/tex/latex/l3kernel/expl3.sty
(/usr/local/texlive/2013/texmf-dist/tex/latex/l3kernel/l3names.sty
(/usr/local/texlive/2013/texmf-dist/tex/latex/l3kernel/l3bootstrap.sty
Package: l3bootstrap 2013/01/08 v4420 L3 Experimental bootstrap code
)
Package: l3names 2012/12/07 v4346 L3 Namespace for primitives
)
(/usr/local/texlive/2013/texmf-dist/tex/latex/etex-pkg/etex.sty
Package: etex 1998/03/26 v2.0 eTeX basic definition package (PEB)
\et@xins=\count90
)
Package: expl3 2013/03/14 v4469 L3 Experimental code bundle wrapper

(/usr/local/texlive/2013/texmf-dist/tex/latex/l3kernel/l3basics.sty
Package: l3basics 2013/01/10 v4428 L3 Basic definitions
)
(/usr/local/texlive/2013/texmf-dist/tex/latex/l3kernel/l3expan.sty
Package: l3expan 2013/02/03 v4458 L3 Argument expansion
)
(/usr/local/texlive/2013/texmf-dist/tex/latex/l3kernel/l3tl.sty
Package: l3tl 2013/01/08 v4415 L3 Token lists
)
(/usr/local/texlive/2013/texmf-dist/tex/latex/l3kernel/l3seq.sty
Package: l3seq 2013/01/12 v4434 L3 Sequences and stacks
)
(/usr/local/texlive/2013/texmf-dist/tex/latex/l3kernel/l3int.sty
Package: l3int 2013/01/13 v4444 L3 Integers
\c_max_int=\count91
\l_tmpa_int=\count92
\l_tmpb_int=\count93
\g_tmpa_int=\count94
\g_tmpb_int=\count95
)
(/usr/local/texlive/2013/texmf-dist/tex/latex/l3kernel/l3quark.sty
Package: l3quark 2012/11/04 v4268 L3 Quarks
)
(/usr/local/texlive/2013/texmf-dist/tex/latex/l3kernel/l3prg.sty
Package: l3prg 2013/02/13 v4459 L3 Control structures
\g__prg_map_int=\count96
)
(/usr/local/texlive/2013/texmf-dist/tex/latex/l3kernel/l3clist.sty
Package: l3clist 2013/01/08 v4414 L3 Comma separated lists
)
(/usr/local/texlive/2013/texmf-dist/tex/latex/l3kernel/l3token.sty
Package: l3token 2013/01/10 v4428 L3 Experimental token manipulation
)
(/usr/local/texlive/2013/texmf-dist/tex/latex/l3kernel/l3prop.sty
Package: l3prop 2013/01/09 v4423 L3 Property lists
)
(/usr/local/texlive/2013/texmf-dist/tex/latex/l3kernel/l3msg.sty
Package: l3msg 2013/01/08 v4412 L3 Messages
)
(/usr/local/texlive/2013/texmf-dist/tex/latex/l3kernel/l3file.sty
Package: l3file 2013/01/14 v4446 L3 File and I/O operations
\l_iow_line_count_int=\count97
\l__iow_target_count_int=\count98
\l__iow_current_line_int=\count99
\l__iow_current_word_int=\count100
\l__iow_current_indentation_int=\count101
)
(/usr/local/texlive/2013/texmf-dist/tex/latex/l3kernel/l3skip.sty
Package: l3skip 2013/01/13 v4444 L3 Dimensions and skips
\c_zero_dim=\dimen103
\c_max_dim=\dimen104
\l_tmpa_dim=\dimen105
\l_tmpb_dim=\dimen106
\g_tmpa_dim=\dimen107
\g_tmpb_dim=\dimen108
\c_zero_skip=\skip45
\c_max_skip=\skip46
\l_tmpa_skip=\skip47
\l_tmpb_skip=\skip48
\g_tmpa_skip=\skip49
\g_tmpb_skip=\skip50
\c_zero_muskip=\muskip10
\c_max_muskip=\muskip11
\l_tmpa_muskip=\muskip12
\l_tmpb_muskip=\muskip13
\g_tmpa_muskip=\muskip14
\g_tmpb_muskip=\muskip15
)
(/usr/local/texlive/2013/texmf-dist/tex/latex/l3kernel/l3keys.sty
Package: l3keys 2013/02/24 v4461 L3 Experimental key-value interfaces
\g__keyval_level_int=\count102
\l_keys_choice_int=\count103
)
(/usr/local/texlive/2013/texmf-dist/tex/latex/l3kernel/l3fp.sty
Package: l3fp 2013/01/19 v4449 L3 Floating points
\c__fp_leading_shift_int=\count104
\c__fp_middle_shift_int=\count105
\c__fp_trailing_shift_int=\count106
\c__fp_big_leading_shift_int=\count107
\c__fp_big_middle_shift_int=\count108
\c__fp_big_trailing_shift_int=\count109
\c__fp_Bigg_leading_shift_int=\count110
\c__fp_Bigg_middle_shift_int=\count111
\c__fp_Bigg_trailing_shift_int=\count112
)
(/usr/local/texlive/2013/texmf-dist/tex/latex/l3kernel/l3box.sty
Package: l3box 2013/01/08 v4411 L3 Experimental boxes
\c_empty_box=\box26
\l_tmpa_box=\box27
\l_tmpb_box=\box28
\g_tmpa_box=\box29
\g_tmpb_box=\box30
)
(/usr/local/texlive/2013/texmf-dist/tex/latex/l3kernel/l3coffins.sty
Package: l3coffins 2012/09/09 v4212 L3 Coffin code layer
\l__coffin_internal_box=\box31
\l__coffin_internal_dim=\dimen109
\l__coffin_offset_x_dim=\dimen110
\l__coffin_offset_y_dim=\dimen111
\l__coffin_x_dim=\dimen112
\l__coffin_y_dim=\dimen113
\l__coffin_x_prime_dim=\dimen114
\l__coffin_y_prime_dim=\dimen115
\c_empty_coffin=\box32
\l__coffin_aligned_coffin=\box33
\l__coffin_aligned_internal_coffin=\box34
\l_tmpa_coffin=\box35
\l_tmpb_coffin=\box36
\l__coffin_display_coffin=\box37
\l__coffin_display_coord_coffin=\box38
\l__coffin_display_pole_coffin=\box39
\l__coffin_display_offset_dim=\dimen116
\l__coffin_display_x_dim=\dimen117
\l__coffin_display_y_dim=\dimen118
)
(/usr/local/texlive/2013/texmf-dist/tex/latex/l3kernel/l3color.sty
Package: l3color 2012/08/29 v4156 L3 Experimental color support
)
(/usr/local/texlive/2013/texmf-dist/tex/latex/l3kernel/l3luatex.sty
Package: l3luatex 2012/08/03 v4049 L3 Experimental LuaTeX-specific functions
\g__cctab_allocate_int=\count113
\g__cctab_stack_int=\count114
)
(/usr/local/texlive/2013/texmf-dist/tex/latex/l3kernel/l3candidates.sty
Package: l3candidates 2013/03/14 v4468 L3 Experimental additions to l3kernel
\l__box_top_dim=\dimen119
\l__box_bottom_dim=\dimen120
\l__box_left_dim=\dimen121
\l__box_right_dim=\dimen122
\l__box_top_new_dim=\dimen123
\l__box_bottom_new_dim=\dimen124
\l__box_left_new_dim=\dimen125
\l__box_right_new_dim=\dimen126
\l__box_internal_box=\box40
\l__coffin_bounding_shift_dim=\dimen127
\l__coffin_left_corner_dim=\dimen128
\l__coffin_right_corner_dim=\dimen129
\l__coffin_bottom_corner_dim=\dimen130
\l__coffin_top_corner_dim=\dimen131
\l__coffin_scaled_total_height_dim=\dimen132
\l__coffin_scaled_width_dim=\dimen133
)
(/usr/local/texlive/2013/texmf-dist/tex/generic/oberdiek/ifpdf.sty
Package: ifpdf 2011/01/30 v2.3 Provides the ifpdf switch (HO)
Package ifpdf Info: pdfTeX in PDF mode is not detected.
))
(/usr/local/texlive/2013/texmf-dist/tex/latex/l3packages/xparse/xparse.sty
Package: xparse 2013/03/12 v4467 L3 Experimental document command parser
\l__xparse_current_arg_int=\count115
\l__xparse_m_args_int=\count116
\l__xparse_mandatory_args_int=\count117
\l__xparse_processor_int=\count118
\l__xparse_v_nesting_int=\count119
)
\l_fontspec_script_int=\count120
\l_fontspec_language_int=\count121
\l_fontspec_strnum_int=\count122
\l_fontspec_tmpa_dim=\dimen134
\l_fontspec_tmpb_dim=\dimen135
\l_fontspec_tmpc_dim=\dimen136
Variant \tl_gset:cV already defined; not changing it on line 69

(/usr/local/texlive/2013/texmf-dist/tex/latex/fontspec/fontspec-patches.sty
Package: fontspec-patches 2013/05/20 v2.3c Font selection for XeLaTeX and LuaLa
TeX

(/usr/local/texlive/2013/texmf-dist/tex/latex/base/fixltx2e.sty
Package: fixltx2e 2006/09/13 v1.1m fixes to LaTeX
LaTeX Info: Redefining \em on input line 420.
)
LaTeX Info: Redefining \em on input line 22.
LaTeX Info: Redefining \emph on input line 30.
LaTeX Info: Redefining \- on input line 33.

*************************************************
* LaTeX warning: "xparse/redefine-command"
* 
* Redefining document command \oldstylenums with arg. spec. 'm' on line 128.
*************************************************
.................................................
. LaTeX info: "xparse/define-command"
. 
. Defining document command \liningnums with arg. spec. 'm' on line 132.
.................................................
) (/usr/local/texlive/2013/texmf-dist/tex/latex/fontspec/fontspec-xetex.sty
Package: fontspec-xetex 2013/05/20 v2.3c Font selection for XeLaTeX and LuaLaTe
X

(/usr/local/texlive/2013/texmf-dist/tex/latex/base/fontenc.sty
Package: fontenc 2005/09/27 v1.99g Standard LaTeX package

(/usr/local/texlive/2013/texmf-dist/tex/latex/euenc/eu1enc.def
File: eu1enc.def 2010/05/27 v0.1h Experimental Unicode font encodings
)
LaTeX Font Info:    Try loading font information for EU1+lmr on input line 100.


(/usr/local/texlive/2013/texmf-dist/tex/latex/euenc/eu1lmr.fd
File: eu1lmr.fd 2009/10/30 v1.6 Font defs for Latin Modern
))
(/usr/local/texlive/2013/texmf-dist/tex/xelatex/xunicode/xunicode.sty
File: xunicode.sty 2011/09/09 v0.981 provides access to latin accents and many 
other characters in Unicode lower plane

(/usr/local/texlive/2013/texmf-dist/tex/latex/tipa/t3enc.def
File: t3enc.def 2001/12/31 T3 encoding
LaTeX Font Info:    Try loading font information for EU1+lmss on input line 357
.

(/usr/local/texlive/2013/texmf-dist/tex/latex/euenc/eu1lmss.fd
File: eu1lmss.fd 2009/10/30 v1.6 Font defs for Latin Modern
))
\tipaTiiicode=\count123
\tipasavetokens=\toks14
\tipachecktokens=\toks15

(/usr/local/texlive/2013/texmf-dist/tex/latex/graphics/graphicx.sty
Package: graphicx 1999/02/16 v1.0f Enhanced LaTeX Graphics (DPC,SPQR)

(/usr/local/texlive/2013/texmf-dist/tex/latex/graphics/keyval.sty
Package: keyval 1999/03/16 v1.13 key=value parser (DPC)
\KV@toks@=\toks16
)
(/usr/local/texlive/2013/texmf-dist/tex/latex/graphics/graphics.sty
Package: graphics 2009/02/05 v1.0o Standard LaTeX Graphics (DPC,SPQR)

(/usr/local/texlive/2013/texmf-dist/tex/latex/graphics/trig.sty
Package: trig 1999/03/16 v1.09 sin cos tan (DPC)
)
(/usr/local/texlive/2013/texmf-dist/tex/latex/latexconfig/graphics.cfg
File: graphics.cfg 2010/04/23 v1.9 graphics configuration of TeX Live
)
Package graphics Info: Driver file: xetex.def on input line 91.

(/usr/local/texlive/2013/texmf-dist/tex/xelatex/xetex-def/xetex.def
File: xetex.def 2013/04/29 v0.96 LaTeX color/graphics driver for XeTeX (RRM/JK)

))
\Gin@req@height=\dimen137
\Gin@req@width=\dimen138
))
.................................................
. LaTeX info: "xparse/define-command"
. 
. Defining document command \fontspec with arg. spec. 'O{}m' on line 41.
.................................................
.................................................
. LaTeX info: "xparse/define-command"
. 
. Defining document command \setmainfont with arg. spec. 'O{}m' on line 46.
.................................................
.................................................
. LaTeX info: "xparse/define-command"
. 
. Defining document command \setsansfont with arg. spec. 'O{}m' on line 51.
.................................................
.................................................
. LaTeX info: "xparse/define-command"
. 
. Defining document command \setmonofont with arg. spec. 'O{}m' on line 56.
.................................................
.................................................
. LaTeX info: "xparse/define-command"
. 
. Defining document command \setmathrm with arg. spec. 'O{}m' on line 65.
.................................................
.................................................
. LaTeX info: "xparse/define-command"
. 
. Defining document command \setboldmathrm with arg. spec. 'O{}m' on line 69.
.................................................
.................................................
. LaTeX info: "xparse/define-command"
. 
. Defining document command \setmathsf with arg. spec. 'O{}m' on line 73.
.................................................
.................................................
. LaTeX info: "xparse/define-command"
. 
. Defining document command \setmathtt with arg. spec. 'O{}m' on line 77.
.................................................
.................................................
. LaTeX info: "xparse/define-command"
. 
. Defining document command \newfontfamily with arg. spec. 'mO{}m' on line 96.
.................................................
.................................................
. LaTeX info: "xparse/define-command"
. 
. Defining document command \newfontface with arg. spec. 'mO{}m' on line 100.
.................................................
.................................................
. LaTeX info: "xparse/define-command"
. 
. Defining document command \defaultfontfeatures with arg. spec. 'om' on line
. 108.
.................................................
.................................................
. LaTeX info: "xparse/define-command"
. 
. Defining document command \addfontfeatures with arg. spec. 'm' on line 144.
.................................................
.................................................
. LaTeX info: "xparse/define-command"
. 
. Defining document command \newfontfeature with arg. spec. 'mm' on line 156.
.................................................
.................................................
. LaTeX info: "xparse/define-command"
. 
. Defining document command \newAATfeature with arg. spec. 'mmmm' on line 164.
.................................................
.................................................
. LaTeX info: "xparse/define-command"
. 
. Defining document command \newICUfeature with arg. spec. 'mmm' on line 172.
.................................................
.................................................
. LaTeX info: "xparse/define-command"
. 
. Defining document command \aliasfontfeature with arg. spec. 'mm' on line
. 201.
.................................................
.................................................
. LaTeX info: "xparse/define-command"
. 
. Defining document command \aliasfontfeatureoption with arg. spec. 'mmm' on
. line 203.
.................................................
.................................................
. LaTeX info: "xparse/define-command"
. 
. Defining document command \newfontscript with arg. spec. 'mm' on line 208.
.................................................
.................................................
. LaTeX info: "xparse/define-command"
. 
. Defining document command \newfontlanguage with arg. spec. 'mm' on line 235.
.................................................
.................................................
. LaTeX info: "xparse/define-command"
. 
. Defining document command \DeclareFontsExtensions with arg. spec. 'm' on
. line 256.
.................................................
Variant \prop_gput:cnV already defined; not changing it on line 582
Variant \prop_gput:cnx already defined; not changing it on line 583
\l_fontspec_tmp_int=\count124
LaTeX Info: Redefining \itshape on input line 2087.
LaTeX Info: Redefining \slshape on input line 2092.
LaTeX Info: Redefining \scshape on input line 2097.
LaTeX Info: Redefining \upshape on input line 2102.

(/usr/local/texlive/2013/texmf-dist/tex/latex/fontspec/fontspec.cfg)))
\g__file_internal_ior=\read1
.................................................
. fontspec info: "no-scripts"
. 
. Font 华文仿宋 does not contain any OpenType `Script' information.
.................................................
\g_fontspec_family_华文仿宋_int=\count125
.................................................
. fontspec info: "no-font-shape"
. 
. Could not resolve font 华文仿宋/B (it probably doesn't exist).
.................................................
.................................................
. fontspec info: "no-font-shape"
. 
. Could not resolve font 华文仿宋/I (it probably doesn't exist).
.................................................
.................................................
. fontspec info: "no-font-shape"
. 
. Could not resolve font 华文仿宋/BI (it probably doesn't exist).
.................................................
.................................................
. fontspec info: "defining-font"
. 
. Font family '华文仿宋(0)' created for font '华文仿宋' with options
. [Mapping=tex-text].
. 
. This font family consists of the following shapes:
. 
. * 'normal' with NFSS spec.:
. <->"华文仿宋/AAT:mapping=tex-text;"
.................................................
\g_fontspec_family_华文细黑_int=\count126
.................................................
. fontspec info: "no-font-shape"
. 
. Could not resolve font 华文细黑/B (it probably doesn't exist).
.................................................
.................................................
. fontspec info: "no-font-shape"
. 
. Could not resolve font 华文细黑/I (it probably doesn't exist).
.................................................
.................................................
. fontspec info: "no-font-shape"
. 
. Could not resolve font 华文细黑/BI (it probably doesn't exist).
.................................................
.................................................
. fontspec info: "defining-font"
. 
. Font family '华文细黑(0)' created for font '华文细黑' with options
. [Mapping=tex-text].
. 
. This font family consists of the following shapes:
. 
. * 'normal' with NFSS spec.:
. <->"华文细黑/ICU:script=latn;language=DFLT;mapping=tex-text;"
.................................................
.................................................
. fontspec info: "no-font-shape"
. 
. Could not resolve font 华文细黑/B (it probably doesn't exist).
.................................................
.................................................
. fontspec info: "no-font-shape"
. 
. Could not resolve font 华文细黑/I (it probably doesn't exist).
.................................................
.................................................
. fontspec info: "no-font-shape"
. 
. Could not resolve font 华文细黑/BI (it probably doesn't exist).
.................................................
.................................................
. fontspec info: "defining-font"
. 
. Font family '华文细黑(1)' created for font '华文细黑' with options [].
. 
. This font family consists of the following shapes:
. 
. * 'normal' with NFSS spec.:
. <->"华文细黑/ICU:script=latn;language=DFLT;"
.................................................

(/usr/local/texlive/2013/texmf-dist/tex/latex/listings/listings.sty
\lst@mode=\count127
\lst@gtempboxa=\box41
\lst@token=\toks17
\lst@length=\count128
\lst@currlwidth=\dimen139
\lst@column=\count129
\lst@pos=\count130
\lst@lostspace=\dimen140
\lst@width=\dimen141
\lst@newlines=\count131
\lst@lineno=\count132
\lst@maxwidth=\dimen142

(/usr/local/texlive/2013/texmf-dist/tex/latex/listings/lstmisc.sty
File: lstmisc.sty 2007/02/22 1.4 (Carsten Heinz)
\c@lstnumber=\count133
\lst@skipnumbers=\count134
\lst@framebox=\box42
)
(/usr/local/texlive/2013/texmf-dist/tex/latex/listings/listings.cfg
File: listings.cfg 2007/02/22 1.4 listings configuration
))
Package: listings 2007/02/22 1.4 (Carsten Heinz)

(/usr/local/texlive/2013/texmf-dist/tex/xelatex/xecjk/xeCJK.sty
Package: xeCJK 2013/05/29 v3.2.1 Typesetting CJK scripts with XeLaTeX

(/usr/local/texlive/2013/texmf-dist/tex/latex/l3packages/xtemplate/xtemplate.st
y
Package: xtemplate 2013/03/12 v4467 L3 Experimental prototype document function
s
\l__xtemplate_tmp_dim=\dimen143
\l__xtemplate_tmp_int=\count135
\l__xtemplate_tmp_muskip=\muskip16
\l__xtemplate_tmp_skip=\skip51
Variant \prop_get:NoNTF already defined; not changing it on line 106
Variant \prop_get:NoNT already defined; not changing it on line 107
Variant \prop_get:NoNF already defined; not changing it on line 108
)
(/usr/local/texlive/2013/texmf-dist/tex/latex/l3packages/l3keys2e/l3keys2e.sty
Package: l3keys2e 2013/03/12 v4467 LaTeX2e option processing using LaTeX3 keys
)
\l__xeCJK_tmpa_int=\count136
\l__xeCJK_tmpb_int=\count137
\l__xeCJK_tmpc_int=\count138
\l__xeCJK_tmp_box=\box43
\l__xeCJK_tmp_dim=\dimen144
\l__xeCJK_tmp_skip=\skip52
\g__xeCJK_spacefactor_int=\count139
.................................................
. LaTeX info: "xparse/define-command"
. 
. Defining document command \makexeCJKactive with arg. spec. '' on line 304.
.................................................
.................................................
. LaTeX info: "xparse/define-command"
. 
. Defining document command \makexeCJKinactive with arg. spec. '' on line 305.
.................................................
\c__xeCJK_HalfLeft_class_int=\XeTeXintercharclass4
\c__xeCJK_HalfRight_class_int=\XeTeXintercharclass5
\c__xeCJK_NormalSpace_class_int=\XeTeXintercharclass6
\c__xeCJK_IVS_class_int=\XeTeXintercharclass7
.................................................
. LaTeX info: "xparse/define-command"
. 
. Defining document command \xeCJKDeclareCharClass with arg. spec.
. 's>{\TrimSpaces }mm' on line 432.
.................................................
.................................................
. LaTeX info: "xparse/define-command"
. 
. Defining document command \__xeCJK_set_char_class_aux:Nnw with arg. spec.
. 'm>{\SplitArgument {1}{->}}m' on line 448.
.................................................
.................................................
. LaTeX info: "xparse/define-command"
. 
. Defining document command \normalspacedchars with arg. spec. 'm' on line
. 501.
.................................................
.................................................
. LaTeX info: "xparse/define-command"
. 
. Defining document command \xeCJKResetPunctClass with arg. spec. '' on line
. 508.
.................................................
.................................................
. LaTeX info: "xparse/define-command"
. 
. Defining document command \xeCJKResetCharClass with arg. spec. '' on line
. 515.
.................................................
\c__xeCJK_CJK_node_dim=\dimen145
\c__xeCJK_CJK-space_node_dim=\dimen146
\c__xeCJK_default_node_dim=\dimen147
\c__xeCJK_default-space_node_dim=\dimen148
\l__xeCJK_ccglue_skip=\skip53
\l__xeCJK_ecglue_skip=\skip54
.................................................
. LaTeX info: "xparse/define-command"
. 
. Defining document command \xeCJKnobreak with arg. spec. '' on line 1061.
.................................................
.................................................
. LaTeX info: "xparse/define-command"
. 
. Defining document command \xeCJKDeclareSubCJKBlock with arg. spec.
. 's>{\TrimSpaces }m>{\TrimSpaces }m' on line 1225.
.................................................
.................................................
. LaTeX info: "xparse/define-command"
. 
. Defining document command \xeCJKCancelSubCJKBlock with arg. spec. 'sm' on
. line 1236.
.................................................
.................................................
. LaTeX info: "xparse/define-command"
. 
. Defining document command \xeCJKRestoreSubCJKBlock with arg. spec. 'sm' on
. line 1245.
.................................................
.................................................
. LaTeX info: "xparse/define-command"
. 
. Defining document command \xeCJKsetwidth with arg. spec. 'mm' on line 1324.
.................................................
.................................................
. LaTeX info: "xparse/define-command"
. 
. Defining document command \xeCJKsetkern with arg. spec. 'mmm' on line 1327.
.................................................
.................................................
. xtemplate info: "declare-object-type"
. 
. Declaring object type 'xeCJK/punctuation' taking \c_three  argument(s) on
. line 1415.
.................................................
\l__xeCJK_fixed_punct_width_dim=\dimen149
\l__xeCJK_mixed_punct_width_dim=\dimen150
\l__xeCJK_middle_punct_width_dim=\dimen151
\l__xeCJK_fixed_margin_width_dim=\dimen152
\l__xeCJK_mixed_margin_width_dim=\dimen153
\l__xeCJK_middle_margin_width_dim=\dimen154
\l__xeCJK_margin_minimum_dim=\dimen155
\l__xeCJK_kerning_total_width_dim=\dimen156
\l__xeCJK_same_align_margin_dim=\dimen157
\l__xeCJK_different_align_margin_dim=\dimen158
\l__xeCJK_kerning_margin_width_dim=\dimen159
\l__xeCJK_kerning_margin_minimum_dim=\dimen160
.................................................
. LaTeX info: "xparse/define-command"
. 
. Defining document command \xeCJKDeclarePunctStyle with arg. spec.
. '>{\TrimSpaces }mm' on line 1806.
.................................................
.................................................
. LaTeX info: "xparse/define-command"
. 
. Defining document command \xeCJKEditPunctStyle with arg. spec.
. '>{\TrimSpaces }mm' on line 1819.
.................................................
.................................................
. LaTeX info: "xparse/define-command"
. 
. Defining document command \setCJKfallbackfamilyfont with arg. spec. 'mO{}m'
. on line 1899.
.................................................
\g__xeCJK_family_int=\count140
.................................................
. LaTeX info: "xparse/define-command"
. 
. Defining document command \CJKfamily with arg. spec. 't+t-m' on line 2407.
.................................................
.................................................
. LaTeX info: "xparse/define-command"
. 
. Defining document command \__xeCJK_gobble_CJKfamily:wn with arg. spec.
. 't+t-m' on line 2411.
.................................................
.................................................
. LaTeX info: "xparse/define-command"
. 
. Defining document command \setCJKmainfont with arg. spec. 'O{}m' on line
. 2461.
.................................................
.................................................
. LaTeX info: "xparse/define-command"
. 
. Defining document command \setCJKsansfont with arg. spec. 'O{}m' on line
. 2467.
.................................................
.................................................
. LaTeX info: "xparse/define-command"
. 
. Defining document command \setCJKmonofont with arg. spec. 'O{}m' on line
. 2472.
.................................................
.................................................
. LaTeX info: "xparse/define-command"
. 
. Defining document command \setCJKfamilyfont with arg. spec. 'mO{}m' on line
. 2479.
.................................................
.................................................
. LaTeX info: "xparse/define-command"
. 
. Defining document command \newCJKfontfamily with arg. spec. 'omO{}m' on line
. 2485.
.................................................
.................................................
. LaTeX info: "xparse/define-command"
. 
. Defining document command \CJKfontspec with arg. spec. 'O{}m' on line 2490.
.................................................
.................................................
. LaTeX info: "xparse/define-command"
. 
. Defining document command \defaultCJKfontfeatures with arg. spec. 'm' on
. line 2506.
.................................................
.................................................
. LaTeX info: "xparse/define-command"
. 
. Defining document command \addCJKfontfeatures with arg. spec. 'm' on line
. 2512.
.................................................
.................................................
. LaTeX info: "xparse/define-command"
. 
. Defining document command \setCJKmathfont with arg. spec. 'O{}m' on line
. 2610.
.................................................
\l__xeCJK_verb_case_int=\count141
.................................................
. LaTeX info: "xparse/define-command"
. 
. Defining document command \xeCJKVerbAddon with arg. spec. '' on line 2692.
.................................................
\g__xeCJK_verb_exspace_skip=\skip55
(/usr/local/texlive/2013/texmf-dist/tex/latex/tools/indentfirst.sty
Package: indentfirst 1995/11/23 v1.03 Indent first paragraph (DPC)
)
.................................................
. LaTeX info: "xparse/define-command"
. 
. Defining document command \xeCJKsetup with arg. spec. '+m' on line 2893.
.................................................
.................................................
. LaTeX info: "xparse/define-command"
. 
. Defining document command \xeCJKsetemboldenfactor with arg. spec. 'm' on
. line 2895.
.................................................
.................................................
. LaTeX info: "xparse/define-command"
. 
. Defining document command \xeCJKsetslantfactor with arg. spec. 'm' on line
. 2897.
.................................................
.................................................
. LaTeX info: "xparse/define-command"
. 
. Defining document command \punctstyle with arg. spec. 'm' on line 2898.
.................................................
.................................................
. LaTeX info: "xparse/define-command"
. 
. Defining document command \xeCJKplainchr with arg. spec. '' on line 2899.
.................................................
.................................................
. LaTeX info: "xparse/define-command"
. 
. Defining document command \CJKsetecglue with arg. spec. 'm' on line 2900.
.................................................
.................................................
. LaTeX info: "xparse/define-command"
. 
. Defining document command \CJKspace with arg. spec. '' on line 2902.
.................................................
.................................................
. LaTeX info: "xparse/define-command"
. 
. Defining document command \CJKnospace with arg. spec. '' on line 2903.
.................................................
.................................................
. LaTeX info: "xparse/define-command"
. 
. Defining document command \xeCJKallowbreakbetweenpuncts with arg. spec. ''
. on line 2905.
.................................................
.................................................
. LaTeX info: "xparse/define-command"
. 
. Defining document command \xeCJKnobreakbetweenpuncts with arg. spec. '' on
. line 2907.
.................................................
.................................................
. LaTeX info: "xparse/define-command"
. 
. Defining document command \xeCJKenablefallback with arg. spec. '' on line
. 2909.
.................................................
.................................................
. LaTeX info: "xparse/define-command"
. 
. Defining document command \xeCJKdisablefallback with arg. spec. '' on line
. 2911.
.................................................
.................................................
. LaTeX info: "xparse/define-command"
. 
. Defining document command \xeCJKsetcharclass with arg. spec. 'mmm' on line
. 2916.
.................................................

*************************************************
* LaTeX warning: "xparse/redefine-command"
* 
* Redefining document command \fontfamily with arg. spec. 'm' on line 2970.
*************************************************
.................................................
. LaTeX info: "xparse/define-command"
. 
. Defining document command \xeCJKcaption with arg. spec. 'om' on line 3102.
.................................................
(/usr/local/texlive/2013/texmf-dist/tex/xelatex/xecjk/config/xeCJK.cfg
File: xeCJK.cfg 2013/05/29 v3.2.1 Configuration file for xeCJK package
))
(/usr/local/texlive/2013/texmf-dist/tex/latex/polyglossia/polyglossia.sty
Package: polyglossia 2013/05/28 v1.33.3 Babel replacement for XeLaTeX and LuaTe
X

(/usr/local/texlive/2013/texmf-dist/tex/latex/etoolbox/etoolbox.sty
Package: etoolbox 2011/01/03 v2.1 e-TeX tools for LaTeX
\etb@tempcnta=\count142
)
(/usr/local/texlive/2013/texmf-dist/tex/latex/makecmds/makecmds.sty
Package: makecmds 2009/09/03 v1.0a extra command making commands
)
(/usr/local/texlive/2013/texmf-dist/tex/latex/xkeyval/xkeyval.sty
Package: xkeyval 2012/10/14 v2.6b package option processing (HA)

(/usr/local/texlive/2013/texmf-dist/tex/generic/xkeyval/xkeyval.tex
\XKV@toks=\toks18
\XKV@tempa@toks=\toks19
\XKV@depth=\count143
File: xkeyval.tex 2012/10/14 v2.6b key=value parser (HA)
))
(/usr/local/texlive/2013/texmf-dist/tex/generic/oberdiek/ifluatex.sty
Package: ifluatex 2010/03/01 v1.3 Provides the ifluatex switch (HO)
Package ifluatex Info: LuaTeX not detected.
)
\xpg@normalclass=\XeTeXintercharclass8
)

Package polyglossia Warning: File gloss-.ldf does not exist!
(polyglossia)                I will nevertheless try to use hyphenation pattern
s for . on input line 16.


Package polyglossia Warning: \setlocalhyphenmin useless for unknown language  o
n input line 16.


Package polyglossia Warning: No hyphenation patterns were loaded for `
(polyglossia)                I will use \language=\l@nohyphenation instead on i
nput line 16.

\l@ = a dialect from \language\l@nohyphenation 
*************************************************
* xeCJK warning: "no-CJKfamily"
* 
* It seems that you have not declare a CJKfamily.
* If you want to use xeCJK in the right way, you should use
* 
* `\setCJKmainfont[...]{...}'
* 
* in the preamble to declare the default CJKfamily.
* 
*************************************************
(./doc.aux)
\openout1 = `doc.aux'.

LaTeX Font Info:    Checking defaults for OML/cmm/m/it on input line 17.
LaTeX Font Info:    ... okay on input line 17.
LaTeX Font Info:    Checking defaults for T1/cmr/m/n on input line 17.
LaTeX Font Info:    ... okay on input line 17.
LaTeX Font Info:    Checking defaults for OT1/cmr/m/n on input line 17.
LaTeX Font Info:    ... okay on input line 17.
LaTeX Font Info:    Checking defaults for OMS/cmsy/m/n on input line 17.
LaTeX Font Info:    ... okay on input line 17.
LaTeX Font Info:    Checking defaults for OMX/cmex/m/n on input line 17.
LaTeX Font Info:    ... okay on input line 17.
LaTeX Font Info:    Checking defaults for U/cmr/m/n on input line 17.
LaTeX Font Info:    ... okay on input line 17.
LaTeX Font Info:    Checking defaults for EU1/lmr/m/n on input line 17.
LaTeX Font Info:    ... okay on input line 17.
LaTeX Font Info:    Checking defaults for T3/cmr/m/n on input line 17.
LaTeX Font Info:    Try loading font information for T3+cmr on input line 17.
 (/usr/local/texlive/2013/texmf-dist/tex/latex/tipa/t3cmr.fd
File: t3cmr.fd 2001/12/31 TIPA font definitions
)
LaTeX Font Info:    ... okay on input line 17.
.................................................
. fontspec info: "setup-math"
. 
. Adjusting the maths setup (use [no-math] to avoid this).
.................................................
\symlegacymaths=\mathgroup4
LaTeX Font Info:    Overwriting symbol font `legacymaths' in version `bold'
(Font)                  OT1/cmr/m/n --> OT1/cmr/bx/n on input line 17.
LaTeX Font Info:    Redeclaring math accent \acute on input line 17.
LaTeX Font Info:    Redeclaring math accent \grave on input line 17.
LaTeX Font Info:    Redeclaring math accent \ddot on input line 17.
LaTeX Font Info:    Redeclaring math accent \tilde on input line 17.
LaTeX Font Info:    Redeclaring math accent \bar on input line 17.
LaTeX Font Info:    Redeclaring math accent \breve on input line 17.
LaTeX Font Info:    Redeclaring math accent \check on input line 17.
LaTeX Font Info:    Redeclaring math accent \hat on input line 17.
LaTeX Font Info:    Redeclaring math accent \dot on input line 17.
LaTeX Font Info:    Redeclaring math accent \mathring on input line 17.
LaTeX Font Info:    Redeclaring math symbol \colon on input line 17.
LaTeX Font Info:    Redeclaring math symbol \Gamma on input line 17.
LaTeX Font Info:    Redeclaring math symbol \Delta on input line 17.
LaTeX Font Info:    Redeclaring math symbol \Theta on input line 17.
LaTeX Font Info:    Redeclaring math symbol \Lambda on input line 17.
LaTeX Font Info:    Redeclaring math symbol \Xi on input line 17.
LaTeX Font Info:    Redeclaring math symbol \Pi on input line 17.
LaTeX Font Info:    Redeclaring math symbol \Sigma on input line 17.
LaTeX Font Info:    Redeclaring math symbol \Upsilon on input line 17.
LaTeX Font Info:    Redeclaring math symbol \Phi on input line 17.
LaTeX Font Info:    Redeclaring math symbol \Psi on input line 17.
LaTeX Font Info:    Redeclaring math symbol \Omega on input line 17.
LaTeX Font Info:    Redeclaring math symbol \mathdollar on input line 17.
LaTeX Font Info:    Redeclaring symbol font `operators' on input line 17.
LaTeX Font Info:    Encoding `OT1' has changed to `EU1' for symbol font
(Font)              `operators' in the math version `normal' on input line 17.
LaTeX Font Info:    Overwriting symbol font `operators' in version `normal'
(Font)                  OT1/cmr/m/n --> EU1/华文仿宋(0)/m/n on input line 17.
LaTeX Font Info:    Encoding `OT1' has changed to `EU1' for symbol font
(Font)              `operators' in the math version `bold' on input line 17.
LaTeX Font Info:    Overwriting symbol font `operators' in version `bold'
(Font)                  OT1/cmr/bx/n --> EU1/华文仿宋(0)/m/n on input line 17.
LaTeX Font Info:    Overwriting symbol font `operators' in version `normal'
(Font)                  EU1/华文仿宋(0)/m/n --> EU1/华文仿宋(0)/m/n on input line 17.
LaTeX Font Info:    Overwriting math alphabet `\mathrm' in version `normal'
(Font)                  EU1/华文仿宋(0)/m/n --> EU1/华文仿宋(0)/m/n on input line 17.
LaTeX Font Info:    Overwriting math alphabet `\mathit' in version `normal'
(Font)                  OT1/cmr/m/it --> EU1/华文仿宋(0)/m/it on input line 17.
LaTeX Font Info:    Overwriting math alphabet `\mathbf' in version `normal'
(Font)                  OT1/cmr/bx/n --> EU1/华文仿宋(0)/bx/n on input line 17.
LaTeX Font Info:    Overwriting math alphabet `\mathsf' in version `normal'
(Font)                  OT1/cmss/m/n --> EU1/华文细黑(0)/m/n on input line 17.
LaTeX Font Info:    Overwriting math alphabet `\mathtt' in version `normal'
(Font)                  OT1/cmtt/m/n --> EU1/华文细黑(1)/m/n on input line 17.
LaTeX Font Info:    Overwriting symbol font `operators' in version `bold'
(Font)                  EU1/华文仿宋(0)/m/n --> EU1/华文仿宋(0)/bx/n on input line 17.
LaTeX Font Info:    Overwriting math alphabet `\mathrm' in version `bold'
(Font)                  EU1/华文仿宋(0)/m/n --> EU1/华文仿宋(0)/bx/n on input line 17.
LaTeX Font Info:    Overwriting math alphabet `\mathit' in version `bold'
(Font)                  OT1/cmr/bx/it --> EU1/华文仿宋(0)/bx/it on input line 17.
LaTeX Font Info:    Overwriting math alphabet `\mathsf' in version `bold'
(Font)                  OT1/cmss/bx/n --> EU1/华文细黑(0)/bx/n on input line 17.
LaTeX Font Info:    Overwriting math alphabet `\mathtt' in version `bold'
(Font)                  OT1/cmtt/m/n --> EU1/华文细黑(1)/bx/n on input line 17.
\c@lstlisting=\count144


LaTeX Font Warning: Font shape `EU1/华文细黑(0)/bx/n' undefined
(Font)              using `EU1/华文细黑(0)/m/n' instead on input line 22.


LaTeX Font Warning: Font shape `EU1/华文细黑(0)/m/sl' undefined
(Font)              using `EU1/华文细黑(0)/m/n' instead on input line 22.

LaTeX Font Info:    External font `cmex10' loaded for size
(Font)              <14.4> on input line 22.
LaTeX Font Info:    External font `cmex10' loaded for size
(Font)              <7> on input line 22.
LaTeX Font Info:    External font `cmex10' loaded for size
(Font)              <5> on input line 29.
[1


]
File: ./spfa0.jpg Graphic file (type QTm)
 <use  "./spfa0.jpg" > [2]
File: ./spfa1.jpg Graphic file (type QTm)
 <use  "./spfa1.jpg" > [3]
Underfull \hbox (badness 10000) in paragraph at lines 70--71

 []


Underfull \hbox (badness 10000) in paragraph at lines 72--73

 []


Underfull \hbox (badness 10000) in paragraph at lines 74--75

 []

[4]
Underfull \hbox (badness 10000) in paragraph at lines 92--93

 []


Underfull \hbox (badness 10000) in paragraph at lines 94--95

 []


Underfull \hbox (badness 10000) in paragraph at lines 96--97

 []


Underfull \hbox (badness 10000) in paragraph at lines 98--100

 []

File: ./Image001.jpg Graphic file (type QTm)
<use  "./Image001.jpg" > [5] [6]
Underfull \hbox (badness 10000) in paragraph at lines 128--129

 []


Underfull \hbox (badness 10000) in paragraph at lines 132--133

 []


Underfull \hbox (badness 10000) in paragraph at lines 137--139

 []

[7] (./doc.aux)

LaTeX Font Warning: Some font shapes were not available, defaults substituted.

 ) 
Here is how much of TeX's memory you used:
 17170 strings out of 493938
 378852 string characters out of 6148857
 384571 words of memory out of 5000000
 20315 multiletter control sequences out of 15000+600000
 4713 words of font info for 37 fonts, out of 8000000 for 9000
 1144 hyphenation exceptions out of 8191
 46i,8n,38p,815b,325s stack positions out of 5000i,500n,10000p,200000b,80000s

Output written on doc.pdf (7 pages).
